<?xml version="1.0" encoding="UTF-8"?>
<!-- Generated by org.testng.reporters.JUnitReportReporter -->
<testsuite hostname="DESKTOP-H706BJI" failures="0" tests="1" name="miniproject_Runner.TestRunner" time="0.114" errors="0" timestamp="2020-04-12T11:45:29 IST" skipped="0">
  <testcase classname="miniproject_Runner.TestRunner" name="login" time="0.114"/>
  <system-out/>
</testsuite> <!-- miniproject_Runner.TestRunner -->
